**** The Simulator log: stage 0
0.0,OOP_Ex0_Elevator_Simulator
0.0,Simulated Building, ex0.simulator.Builging_A [0,1]
0) ex0.simulator.Elevator_A, Elev_0, speed: 1.0, open/close: 2.0,  start/stop: 3.0
0.0,Simulated Period starTime,0.0,  endTime,100.0,  dt,1.0
0.0,Simulated  calls,Elevetor log, size: 10
0.0,**** Simulation starts!! ****
1.0,Elevator call,0.437472729039321,0,1,1,0, got allocated to elevator, 0
1.0,Elev,0,  arrived at src, 0, Elevator call,0.437472729039321,0,1,2,0
1.0, elevID,0,  pos,0,  cmd, goto,1
, elevID,0,  pos,0,  WRONG cmd, stop,1,  the elevator is not moving!
3.0,Elevator call,2.2094056301593525,0,1,1,0, got allocated to elevator, 0
, elevID,0,  pos,0,  WRONG cmd, stop,1,  the elevator is not moving!
, elevID,0,  pos,0,  WRONG cmd, stop,1,  the elevator is not moving!
, elevID,0,  pos,0,  WRONG cmd, stop,1,  the elevator is not moving!
, elevID,0,  pos,0,  WRONG cmd, stop,1,  the elevator is not moving!
, elevID,0,  pos,1,  WRONG cmd, stop,1,  the elevator is not moving!
12.0,Elev,0,  arrived at dest, 1, this call is done!, Elevator call,0.437472729039321,0,1,3,0, Done, dt, 11.562527270960679
19.0,Elevator call,18.77299317966884,1,0,1,0, got allocated to elevator, 0
19.0,Elev,0,  arrived at src, 1, Elevator call,18.77299317966884,1,0,2,0
20.0,Elevator call,19.590869649656987,0,1,1,0, got allocated to elevator, 0
20.0, elevID,0,  pos,1,  cmd, goto,0
, elevID,0,  pos,1,  WRONG cmd, stop,0,  the elevator is not moving!
, elevID,0,  pos,1,  WRONG cmd, stop,0,  the elevator is not moving!
, elevID,0,  pos,1,  WRONG cmd, stop,0,  the elevator is not moving!
, elevID,0,  pos,1,  WRONG cmd, stop,0,  the elevator is not moving!
, elevID,0,  pos,1,  WRONG cmd, stop,0,  the elevator is not moving!
30.0,Elevator call,29.579433566814906,0,1,1,0, got allocated to elevator, 0
31.0,Elev,0,  arrived at src, 0, Elevator call,2.2094056301593525,0,1,2,0
31.0,Elev,0,  arrived at dest, 0, this call is done!, Elevator call,18.77299317966884,1,0,3,0, Done, dt, 12.227006820331159
31.0,Elev,0,  arrived at src, 0, Elevator call,19.590869649656987,0,1,2,0
31.0,Elev,0,  arrived at src, 0, Elevator call,29.579433566814906,0,1,2,0
31.0, elevID,0,  pos,0,  cmd, goto,1
, elevID,0,  pos,0,  WRONG cmd, stop,1,  the elevator is not moving!
, elevID,0,  pos,0,  WRONG cmd, stop,1,  the elevator is not moving!
34.0,Elevator call,33.242673193933555,0,1,1,0, got allocated to elevator, 0
, elevID,0,  pos,0,  WRONG cmd, stop,1,  the elevator is not moving!
, elevID,0,  pos,0,  WRONG cmd, stop,1,  the elevator is not moving!
, elevID,0,  pos,0,  WRONG cmd, stop,1,  the elevator is not moving!
, elevID,0,  pos,1,  WRONG cmd, stop,1,  the elevator is not moving!
, elevID,0,  pos,1,  WRONG cmd, stop,1,  the elevator is not moving!
42.0,Elev,0,  arrived at dest, 1, this call is done!, Elevator call,2.2094056301593525,0,1,3,0, Done, dt, 39.79059436984065
42.0,Elev,0,  arrived at dest, 1, this call is done!, Elevator call,19.590869649656987,0,1,3,0, Done, dt, 22.409130350343013
42.0,Elev,0,  arrived at dest, 1, this call is done!, Elevator call,29.579433566814906,0,1,3,0, Done, dt, 12.420566433185094
53.0,Elevator call,52.96277472128405,0,1,1,0, got allocated to elevator, 0
53.0, elevID,0,  pos,1,  cmd, goto,0
, elevID,0,  pos,1,  WRONG cmd, stop,0,  the elevator is not moving!
, elevID,0,  pos,1,  WRONG cmd, stop,0,  the elevator is not moving!
, elevID,0,  pos,1,  WRONG cmd, stop,0,  the elevator is not moving!
, elevID,0,  pos,1,  WRONG cmd, stop,0,  the elevator is not moving!
, elevID,0,  pos,1,  WRONG cmd, stop,0,  the elevator is not moving!
64.0,Elev,0,  arrived at src, 0, Elevator call,33.242673193933555,0,1,2,0
64.0,Elev,0,  arrived at src, 0, Elevator call,52.96277472128405,0,1,2,0
64.0, elevID,0,  pos,0,  cmd, goto,1
65.0,Elevator call,64.38547514955395,1,0,1,0, got allocated to elevator, 0
, elevID,0,  pos,0,  WRONG cmd, stop,1,  the elevator is not moving!
, elevID,0,  pos,0,  WRONG cmd, stop,1,  the elevator is not moving!
, elevID,0,  pos,0,  WRONG cmd, stop,1,  the elevator is not moving!
, elevID,0,  pos,0,  WRONG cmd, stop,1,  the elevator is not moving!
, elevID,0,  pos,0,  WRONG cmd, stop,1,  the elevator is not moving!
73.0,Elevator call,72.26161212799506,1,0,1,0, got allocated to elevator, 0
75.0,Elev,0,  arrived at dest, 1, this call is done!, Elevator call,33.242673193933555,0,1,3,0, Done, dt, 41.757326806066445
75.0,Elev,0,  arrived at dest, 1, this call is done!, Elevator call,52.96277472128405,0,1,3,0, Done, dt, 22.03722527871595
75.0,Elev,0,  arrived at src, 1, Elevator call,64.38547514955395,1,0,2,0
75.0,Elev,0,  arrived at src, 1, Elevator call,72.26161212799506,1,0,2,0
75.0, elevID,0,  pos,1,  cmd, goto,0
, elevID,0,  pos,1,  WRONG cmd, stop,0,  the elevator is not moving!
, elevID,0,  pos,1,  WRONG cmd, stop,0,  the elevator is not moving!
, elevID,0,  pos,1,  WRONG cmd, stop,0,  the elevator is not moving!
, elevID,0,  pos,1,  WRONG cmd, stop,0,  the elevator is not moving!
, elevID,0,  pos,1,  WRONG cmd, stop,0,  the elevator is not moving!
81.0,Elevator call,80.56754743307536,1,0,1,0, got allocated to elevator, 0
86.0,Elev,0,  arrived at dest, 0, this call is done!, Elevator call,64.38547514955395,1,0,3,0, Done, dt, 21.614524850446045
86.0,Elev,0,  arrived at dest, 0, this call is done!, Elevator call,72.26161212799506,1,0,3,0, Done, dt, 13.738387872004935
86.0, elevID,0,  pos,0,  cmd, goto,1
, elevID,0,  pos,0,  WRONG cmd, stop,1,  the elevator is not moving!
, elevID,0,  pos,0,  WRONG cmd, stop,1,  the elevator is not moving!
, elevID,0,  pos,0,  WRONG cmd, stop,1,  the elevator is not moving!
, elevID,0,  pos,0,  WRONG cmd, stop,1,  the elevator is not moving!
, elevID,0,  pos,0,  WRONG cmd, stop,1,  the elevator is not moving!
97.0,Elev,0,  arrived at src, 1, Elevator call,80.56754743307536,1,0,2,0
97.0, elevID,0,  pos,1,  cmd, goto,0
, elevID,0,  pos,1,  WRONG cmd, stop,0,  the elevator is not moving!
, elevID,0,  pos,1,  WRONG cmd, stop,0,  the elevator is not moving!
100.0,************* Simulation Ended ************
Code Owners,311252415,208925578,  Case,0,  Total waiting time: 216.9897426188186,  average waiting time per call: 21.69897426188186,  unCompleted calls,1,  certificate, -847285105
