**** The Simulator log: stage 1
0.0,OOP_Ex0_Elevator_Simulator
0.0,Simulated Building, ex0.simulator.Builging_A [-2,10]
0) ex0.simulator.Elevator_A, Elev_0, speed: 1.0, open/close: 2.0,  start/stop: 3.0
0.0,Simulated Period starTime,0.0,  endTime,100.0,  dt,1.0
0.0,Simulated  calls,Elevetor log, size: 10
0.0,**** Simulation starts!! ****
1.0,Elevator call,0.437472729039321,0,-1,1,0, got allocated to elevator, 0
1.0, elevID,1,  pos,-2,  cmd, goto,0
3.0,Elevator call,2.2094056301593525,0,-1,1,0, got allocated to elevator, 0
13.0,Elev,1,  arrived at src, 0, Elevator call,0.437472729039321,0,-1,2,0
13.0,Elev,1,  arrived at src, 0, Elevator call,2.2094056301593525,0,-1,2,0
13.0, elevID,1,  pos,0,  cmd, goto,0
14.0, elevID,1,  pos,0,  cmd, goto,0
15.0, elevID,1,  pos,0,  cmd, goto,0
16.0, elevID,1,  pos,0,  cmd, goto,0
17.0, elevID,1,  pos,0,  cmd, goto,0
18.0, elevID,1,  pos,0,  cmd, goto,0
19.0,Elevator call,18.77299317966884,-1,-2,1,0, got allocated to elevator, 0
19.0, elevID,1,  pos,0,  cmd, goto,0
20.0,Elevator call,19.590869649656987,0,7,1,0, got allocated to elevator, 0
20.0,Elev,1,  arrived at src, 0, Elevator call,19.590869649656987,0,7,2,0
20.0, elevID,1,  pos,0,  cmd, goto,0
21.0, elevID,1,  pos,0,  cmd, goto,0
22.0, elevID,1,  pos,0,  cmd, goto,0
23.0, elevID,1,  pos,0,  cmd, goto,0
24.0, elevID,1,  pos,0,  cmd, goto,0
25.0, elevID,1,  pos,0,  cmd, goto,0
26.0, elevID,1,  pos,0,  cmd, goto,0
27.0, elevID,1,  pos,0,  cmd, goto,0
28.0, elevID,1,  pos,0,  cmd, goto,0
29.0, elevID,1,  pos,0,  cmd, goto,0
30.0,Elevator call,29.579433566814906,0,1,1,0, got allocated to elevator, 0
30.0,Elev,1,  arrived at src, 0, Elevator call,29.579433566814906,0,1,2,0
30.0, elevID,1,  pos,0,  cmd, goto,0
31.0, elevID,1,  pos,0,  cmd, goto,0
32.0, elevID,1,  pos,0,  cmd, goto,0
33.0, elevID,1,  pos,0,  cmd, goto,0
34.0,Elevator call,33.242673193933555,0,10,1,0, got allocated to elevator, 0
34.0,Elev,1,  arrived at src, 0, Elevator call,33.242673193933555,0,10,2,0
34.0, elevID,1,  pos,0,  cmd, goto,0
35.0, elevID,1,  pos,0,  cmd, goto,0
36.0, elevID,1,  pos,0,  cmd, goto,0
37.0, elevID,1,  pos,0,  cmd, goto,0
38.0, elevID,1,  pos,0,  cmd, goto,0
39.0, elevID,1,  pos,0,  cmd, goto,0
40.0, elevID,1,  pos,0,  cmd, goto,0
41.0, elevID,1,  pos,0,  cmd, goto,0
42.0, elevID,1,  pos,0,  cmd, goto,0
43.0, elevID,1,  pos,0,  cmd, goto,0
44.0, elevID,1,  pos,0,  cmd, goto,0
45.0, elevID,1,  pos,0,  cmd, goto,0
46.0, elevID,1,  pos,0,  cmd, goto,0
47.0, elevID,1,  pos,0,  cmd, goto,0
48.0, elevID,1,  pos,0,  cmd, goto,0
49.0, elevID,1,  pos,0,  cmd, goto,0
50.0, elevID,1,  pos,0,  cmd, goto,0
51.0, elevID,1,  pos,0,  cmd, goto,0
52.0, elevID,1,  pos,0,  cmd, goto,0
53.0,Elevator call,52.96277472128405,3,-1,1,0, got allocated to elevator, 0
53.0, elevID,1,  pos,0,  cmd, goto,3
65.0,Elevator call,64.38547514955395,-1,2,1,0, got allocated to elevator, 0
66.0,Elev,1,  arrived at src, 3, Elevator call,52.96277472128405,3,-1,2,0
66.0, elevID,1,  pos,3,  cmd, goto,3
67.0, elevID,1,  pos,3,  cmd, goto,3
68.0, elevID,1,  pos,3,  cmd, goto,3
69.0, elevID,1,  pos,3,  cmd, goto,3
70.0, elevID,1,  pos,3,  cmd, goto,3
71.0, elevID,1,  pos,3,  cmd, goto,3
72.0, elevID,1,  pos,3,  cmd, goto,3
73.0,Elevator call,72.26161212799506,10,0,1,0, got allocated to elevator, 0
73.0, elevID,1,  pos,3,  cmd, goto,10
81.0,Elevator call,80.56754743307536,-1,-2,1,0, got allocated to elevator, 0
90.0,Elev,1,  arrived at dest, 10, this call is done!, Elevator call,33.242673193933555,0,10,3,0, Done, dt, 56.757326806066445
90.0,Elev,1,  arrived at src, 10, Elevator call,72.26161212799506,10,0,2,0
90.0, elevID,1,  pos,10,  cmd, goto,10
91.0, elevID,1,  pos,10,  cmd, goto,10
92.0, elevID,1,  pos,10,  cmd, goto,10
93.0, elevID,1,  pos,10,  cmd, goto,10
94.0, elevID,1,  pos,10,  cmd, goto,10
95.0, elevID,1,  pos,10,  cmd, goto,10
96.0, elevID,1,  pos,10,  cmd, goto,10
97.0, elevID,1,  pos,10,  cmd, goto,10
98.0, elevID,1,  pos,10,  cmd, goto,10
99.0, elevID,1,  pos,10,  cmd, goto,10
100.0,************* Simulation Ended ************
Code Owners,123456789,  Case,1,  Total waiting time: 615.9897426188187,  average waiting time per call: 61.59897426188187,  unCompleted calls,9,  certificate, -1899170099
