**** The Simulator log: stage 1
0.0,OOP_Ex0_Elevator_Simulator
0.0,Simulated Building, ex0.simulator.Builging_A [-2,10]
0) ex0.simulator.Elevator_A, Elev_0, speed: 1.0, open/close: 2.0,  start/stop: 3.0
0.0,Simulated Period starTime,0.0,  endTime,100.0,  dt,1.0
0.0,Simulated  calls,Elevetor log, size: 10
0.0,**** Simulation starts!! ****
1.0,Elevator call,0.437472729039321,0,-1,1,0, got allocated to elevator, 0
1.0, elevID,0,  pos,-2,  cmd, goto,0
, elevID,0,  pos,-2,  WRONG cmd, stop,0,  the elevator is not moving!
3.0,Elevator call,2.2094056301593525,0,-1,1,0, got allocated to elevator, 0
, elevID,0,  pos,-2,  WRONG cmd, stop,0,  the elevator is not moving!
, elevID,0,  pos,-2,  WRONG cmd, stop,0,  the elevator is not moving!
, elevID,0,  pos,-2,  WRONG cmd, stop,0,  the elevator is not moving!
, elevID,0,  pos,-2,  WRONG cmd, stop,0,  the elevator is not moving!
, elevID,0,  pos,-1,  WRONG cmd, stop,0,  the elevator is not moving!
, elevID,0,  pos,0,  WRONG cmd, stop,0,  the elevator is not moving!
13.0,Elev,0,  arrived at src, 0, Elevator call,0.437472729039321,0,-1,2,0
13.0,Elev,0,  arrived at src, 0, Elevator call,2.2094056301593525,0,-1,2,0
13.0, elevID,0,  pos,0,  cmd, goto,-1
, elevID,0,  pos,0,  WRONG cmd, stop,-1,  the elevator is not moving!
, elevID,0,  pos,0,  WRONG cmd, stop,-1,  the elevator is not moving!
, elevID,0,  pos,0,  WRONG cmd, stop,-1,  the elevator is not moving!
, elevID,0,  pos,0,  WRONG cmd, stop,-1,  the elevator is not moving!
, elevID,0,  pos,0,  WRONG cmd, stop,-1,  the elevator is not moving!
19.0,Elevator call,18.77299317966884,-1,-2,1,0, got allocated to elevator, 0
, elevID,0,  pos,-1,  WRONG cmd, stop,-1,  the elevator is not moving!
20.0,Elevator call,19.590869649656987,0,7,1,0, got allocated to elevator, 0
, elevID,0,  pos,-1,  WRONG cmd, stop,-1,  the elevator is not moving!
, elevID,0,  pos,-1,  WRONG cmd, stop,-2,  the elevator is not moving!
, elevID,0,  pos,-1,  WRONG cmd, stop,-2,  the elevator is not moving!
, elevID,0,  pos,-1,  WRONG cmd, stop,-2,  the elevator is not moving!
24.0,Elev,0,  arrived at dest, -1, this call is done!, Elevator call,0.437472729039321,0,-1,3,0, Done, dt, 23.56252727096068
24.0,Elev,0,  arrived at dest, -1, this call is done!, Elevator call,2.2094056301593525,0,-1,3,0, Done, dt, 21.790594369840647
24.0,Elev,0,  arrived at src, -1, Elevator call,18.77299317966884,-1,-2,2,0
24.0, elevID,0,  pos,-1,  cmd, goto,-2
, elevID,0,  pos,-1,  WRONG cmd, stop,-2,  the elevator is not moving!
, elevID,0,  pos,-1,  WRONG cmd, stop,-2,  the elevator is not moving!
, elevID,0,  pos,-1,  WRONG cmd, stop,-2,  the elevator is not moving!
, elevID,0,  pos,-1,  WRONG cmd, stop,-2,  the elevator is not moving!
, elevID,0,  pos,-1,  WRONG cmd, stop,-2,  the elevator is not moving!
30.0,Elevator call,29.579433566814906,0,1,1,0, got allocated to elevator, 0
34.0,Elevator call,33.242673193933555,0,10,1,0, got allocated to elevator, 0
35.0,Elev,0,  arrived at dest, -2, this call is done!, Elevator call,18.77299317966884,-1,-2,3,0, Done, dt, 16.22700682033116
35.0, elevID,0,  pos,-2,  cmd, goto,0
, elevID,0,  pos,-2,  WRONG cmd, stop,0,  the elevator is not moving!
, elevID,0,  pos,-2,  WRONG cmd, stop,0,  the elevator is not moving!
, elevID,0,  pos,-2,  WRONG cmd, stop,0,  the elevator is not moving!
, elevID,0,  pos,-2,  WRONG cmd, stop,0,  the elevator is not moving!
, elevID,0,  pos,-2,  WRONG cmd, stop,0,  the elevator is not moving!
, elevID,0,  pos,-1,  WRONG cmd, stop,0,  the elevator is not moving!
, elevID,0,  pos,0,  WRONG cmd, stop,0,  the elevator is not moving!
, elevID,0,  pos,0,  WRONG cmd, stop,0,  the elevator is not moving!
, elevID,0,  pos,0,  WRONG cmd, stop,1,  the elevator is not moving!
, elevID,0,  pos,0,  WRONG cmd, stop,1,  the elevator is not moving!
, elevID,0,  pos,0,  WRONG cmd, stop,1,  the elevator is not moving!
47.0,Elev,0,  arrived at src, 0, Elevator call,19.590869649656987,0,7,2,0
47.0,Elev,0,  arrived at src, 0, Elevator call,29.579433566814906,0,1,2,0
47.0,Elev,0,  arrived at src, 0, Elevator call,33.242673193933555,0,10,2,0
47.0, elevID,0,  pos,0,  cmd, goto,1
, elevID,0,  pos,0,  WRONG cmd, stop,1,  the elevator is not moving!
, elevID,0,  pos,0,  WRONG cmd, stop,1,  the elevator is not moving!
, elevID,0,  pos,0,  WRONG cmd, stop,1,  the elevator is not moving!
, elevID,0,  pos,0,  WRONG cmd, stop,1,  the elevator is not moving!
, elevID,0,  pos,0,  WRONG cmd, stop,1,  the elevator is not moving!
53.0,Elevator call,52.96277472128405,3,-1,1,0, got allocated to elevator, 0
, elevID,0,  pos,1,  WRONG cmd, stop,7,  the elevator is not moving!
, elevID,0,  pos,1,  WRONG cmd, stop,7,  the elevator is not moving!
, elevID,0,  pos,1,  WRONG cmd, stop,7,  the elevator is not moving!
, elevID,0,  pos,1,  WRONG cmd, stop,7,  the elevator is not moving!
, elevID,0,  pos,1,  WRONG cmd, stop,7,  the elevator is not moving!
58.0,Elev,0,  arrived at dest, 1, this call is done!, Elevator call,29.579433566814906,0,1,3,0, Done, dt, 28.420566433185094
58.0, elevID,0,  pos,1,  cmd, goto,7
, elevID,0,  pos,1,  WRONG cmd, stop,7,  the elevator is not moving!
, elevID,0,  pos,1,  WRONG cmd, stop,7,  the elevator is not moving!
, elevID,0,  pos,1,  WRONG cmd, stop,7,  the elevator is not moving!
, elevID,0,  pos,1,  WRONG cmd, stop,7,  the elevator is not moving!
, elevID,0,  pos,1,  WRONG cmd, stop,7,  the elevator is not moving!
, elevID,0,  pos,2,  WRONG cmd, stop,7,  the elevator is not moving!
65.0,Elevator call,64.38547514955395,-1,2,1,0, got allocated to elevator, 0
73.0,Elevator call,72.26161212799506,10,0,1,0, got allocated to elevator, 0
74.0,Elev,0,  arrived at dest, 7, this call is done!, Elevator call,19.590869649656987,0,7,3,0, Done, dt, 54.40913035034301
74.0, elevID,0,  pos,7,  cmd, goto,-1
, elevID,0,  pos,7,  WRONG cmd, stop,-1,  the elevator is not moving!
, elevID,0,  pos,7,  WRONG cmd, stop,-1,  the elevator is not moving!
, elevID,0,  pos,7,  WRONG cmd, stop,-1,  the elevator is not moving!
, elevID,0,  pos,7,  WRONG cmd, stop,-1,  the elevator is not moving!
, elevID,0,  pos,7,  WRONG cmd, stop,-1,  the elevator is not moving!
, elevID,0,  pos,6,  WRONG cmd, stop,-1,  the elevator is not moving!
81.0,Elevator call,80.56754743307536,-1,-2,1,0, got allocated to elevator, 0
, elevID,0,  pos,5,  WRONG cmd, stop,-1,  the elevator is not moving!
, elevID,0,  pos,4,  WRONG cmd, stop,-1,  the elevator is not moving!
, elevID,0,  pos,3,  WRONG cmd, stop,-1,  the elevator is not moving!
, elevID,0,  pos,2,  WRONG cmd, stop,-1,  the elevator is not moving!
, elevID,0,  pos,1,  WRONG cmd, stop,-1,  the elevator is not moving!
, elevID,0,  pos,0,  WRONG cmd, stop,-1,  the elevator is not moving!
92.0,Elev,0,  arrived at src, -1, Elevator call,64.38547514955395,-1,2,2,0
92.0,Elev,0,  arrived at src, -1, Elevator call,80.56754743307536,-1,-2,2,0
92.0, elevID,0,  pos,-1,  cmd, goto,2
, elevID,0,  pos,-1,  WRONG cmd, stop,2,  the elevator is not moving!
, elevID,0,  pos,-1,  WRONG cmd, stop,2,  the elevator is not moving!
, elevID,0,  pos,-1,  WRONG cmd, stop,2,  the elevator is not moving!
, elevID,0,  pos,-1,  WRONG cmd, stop,2,  the elevator is not moving!
, elevID,0,  pos,-1,  WRONG cmd, stop,2,  the elevator is not moving!
, elevID,0,  pos,0,  WRONG cmd, stop,2,  the elevator is not moving!
, elevID,0,  pos,1,  WRONG cmd, stop,2,  the elevator is not moving!
100.0,************* Simulation Ended ************
Code Owners,311252415,208925578,  Case,1,  Total waiting time: 340.9897426188186,  average waiting time per call: 34.09897426188186,  unCompleted calls,5,  certificate, -1551026298
