**** The Simulator log: stage 2
0.0,OOP_Ex0_Elevator_Simulator
0.0,Simulated Building, ex0.simulator.Builging_A [-2,10]
0) ex0.simulator.Elevator_A, Elev_0, speed: 1.0, open/close: 2.0,  start/stop: 3.0
1) ex0.simulator.Elevator_A, Elev_1, speed: 1.0, open/close: 2.0,  start/stop: 3.0
0.0,Simulated Period starTime,0.0,  endTime,1000.0,  dt,1.0
0.0,Simulated  calls,Elevetor log, size: 100
0.0,**** Simulation starts!! ****
5.0,Elevator call,4.374727290393253,0,-1,1,0, got allocated to elevator, 0
5.0, elevID,2,  pos,-2,  cmd, goto,0
17.0,Elevator call,16.957882888088932,-1,0,1,0, got allocated to elevator, 0
17.0,Elev,2,  arrived at src, 0, Elevator call,4.374727290393253,0,-1,2,0
17.0, elevID,2,  pos,0,  cmd, goto,0
18.0, elevID,2,  pos,0,  cmd, goto,0
19.0, elevID,2,  pos,0,  cmd, goto,0
20.0, elevID,2,  pos,0,  cmd, goto,0
21.0, elevID,2,  pos,0,  cmd, goto,0
22.0, elevID,2,  pos,0,  cmd, goto,0
23.0,Elevator call,22.094056301593582,0,-1,1,0, got allocated to elevator, 0
23.0,Elev,2,  arrived at src, 0, Elevator call,22.094056301593582,0,-1,2,0
23.0, elevID,2,  pos,0,  cmd, goto,0
24.0, elevID,2,  pos,0,  cmd, goto,0
25.0, elevID,2,  pos,0,  cmd, goto,0
26.0, elevID,2,  pos,0,  cmd, goto,0
27.0, elevID,2,  pos,0,  cmd, goto,0
28.0, elevID,2,  pos,0,  cmd, goto,0
29.0, elevID,2,  pos,0,  cmd, goto,0
30.0, elevID,2,  pos,0,  cmd, goto,0
31.0, elevID,2,  pos,0,  cmd, goto,0
32.0, elevID,2,  pos,0,  cmd, goto,0
33.0, elevID,2,  pos,0,  cmd, goto,0
34.0, elevID,2,  pos,0,  cmd, goto,0
35.0, elevID,2,  pos,0,  cmd, goto,0
36.0, elevID,2,  pos,0,  cmd, goto,0
37.0, elevID,2,  pos,0,  cmd, goto,0
38.0, elevID,2,  pos,0,  cmd, goto,0
39.0, elevID,2,  pos,0,  cmd, goto,0
40.0, elevID,2,  pos,0,  cmd, goto,0
41.0, elevID,2,  pos,0,  cmd, goto,0
42.0, elevID,2,  pos,0,  cmd, goto,0
43.0, elevID,2,  pos,0,  cmd, goto,0
44.0, elevID,2,  pos,0,  cmd, goto,0
45.0, elevID,2,  pos,0,  cmd, goto,0
46.0, elevID,2,  pos,0,  cmd, goto,0
47.0, elevID,2,  pos,0,  cmd, goto,0
48.0, elevID,2,  pos,0,  cmd, goto,0
49.0, elevID,2,  pos,0,  cmd, goto,0
50.0, elevID,2,  pos,0,  cmd, goto,0
51.0, elevID,2,  pos,0,  cmd, goto,0
52.0, elevID,2,  pos,0,  cmd, goto,0
53.0, elevID,2,  pos,0,  cmd, goto,0
54.0, elevID,2,  pos,0,  cmd, goto,0
55.0, elevID,2,  pos,0,  cmd, goto,0
56.0, elevID,2,  pos,0,  cmd, goto,0
57.0, elevID,2,  pos,0,  cmd, goto,0
58.0, elevID,2,  pos,0,  cmd, goto,0
59.0, elevID,2,  pos,0,  cmd, goto,0
60.0, elevID,2,  pos,0,  cmd, goto,0
61.0, elevID,2,  pos,0,  cmd, goto,0
62.0, elevID,2,  pos,0,  cmd, goto,0
63.0, elevID,2,  pos,0,  cmd, goto,0
64.0, elevID,2,  pos,0,  cmd, goto,0
65.0, elevID,2,  pos,0,  cmd, goto,0
66.0, elevID,2,  pos,0,  cmd, goto,0
67.0, elevID,2,  pos,0,  cmd, goto,0
68.0, elevID,2,  pos,0,  cmd, goto,0
69.0, elevID,2,  pos,0,  cmd, goto,0
70.0, elevID,2,  pos,0,  cmd, goto,0
71.0, elevID,2,  pos,0,  cmd, goto,0
72.0, elevID,2,  pos,0,  cmd, goto,0
73.0, elevID,2,  pos,0,  cmd, goto,0
74.0, elevID,2,  pos,0,  cmd, goto,0
75.0, elevID,2,  pos,0,  cmd, goto,0
76.0, elevID,2,  pos,0,  cmd, goto,0
77.0, elevID,2,  pos,0,  cmd, goto,0
78.0, elevID,2,  pos,0,  cmd, goto,0
79.0, elevID,2,  pos,0,  cmd, goto,0
80.0, elevID,2,  pos,0,  cmd, goto,0
81.0, elevID,2,  pos,0,  cmd, goto,0
82.0, elevID,2,  pos,0,  cmd, goto,0
83.0, elevID,2,  pos,0,  cmd, goto,0
84.0, elevID,2,  pos,0,  cmd, goto,0
85.0, elevID,2,  pos,0,  cmd, goto,0
86.0,Elevator call,85.5209666204754,3,2,1,0, got allocated to elevator, 0
86.0, elevID,2,  pos,0,  cmd, goto,3
92.0,Elevator call,91.21019413453945,-1,-2,1,0, got allocated to elevator, 0
99.0,Elev,2,  arrived at src, 3, Elevator call,85.5209666204754,3,2,2,0
99.0, elevID,2,  pos,3,  cmd, goto,3
100.0, elevID,2,  pos,3,  cmd, goto,3
101.0, elevID,2,  pos,3,  cmd, goto,3
102.0, elevID,2,  pos,3,  cmd, goto,3
103.0, elevID,2,  pos,3,  cmd, goto,3
104.0, elevID,2,  pos,3,  cmd, goto,3
105.0,Elevator call,104.13701241869234,0,4,1,0, got allocated to elevator, 0
105.0, elevID,2,  pos,3,  cmd, goto,3
106.0, elevID,2,  pos,3,  cmd, goto,3
107.0, elevID,2,  pos,3,  cmd, goto,3
108.0, elevID,2,  pos,3,  cmd, goto,3
109.0, elevID,2,  pos,3,  cmd, goto,3
110.0,Elevator call,109.21352909346587,-1,0,1,0, got allocated to elevator, 0
110.0, elevID,2,  pos,3,  cmd, goto,3
111.0, elevID,2,  pos,3,  cmd, goto,3
112.0, elevID,2,  pos,3,  cmd, goto,3
113.0, elevID,2,  pos,3,  cmd, goto,3
114.0, elevID,2,  pos,3,  cmd, goto,3
115.0,Elevator call,114.39235096774041,3,0,1,0, got allocated to elevator, 0
115.0,Elev,2,  arrived at src, 3, Elevator call,114.39235096774041,3,0,2,0
115.0, elevID,2,  pos,3,  cmd, goto,3
116.0, elevID,2,  pos,3,  cmd, goto,3
117.0, elevID,2,  pos,3,  cmd, goto,3
118.0, elevID,2,  pos,3,  cmd, goto,3
119.0, elevID,2,  pos,3,  cmd, goto,3
120.0, elevID,2,  pos,3,  cmd, goto,3
121.0, elevID,2,  pos,3,  cmd, goto,3
122.0, elevID,2,  pos,3,  cmd, goto,3
123.0, elevID,2,  pos,3,  cmd, goto,3
124.0, elevID,2,  pos,3,  cmd, goto,3
125.0,Elevator call,124.42557095980362,0,9,1,0, got allocated to elevator, 0
125.0, elevID,2,  pos,3,  cmd, goto,3
126.0, elevID,2,  pos,3,  cmd, goto,3
127.0, elevID,2,  pos,3,  cmd, goto,3
128.0, elevID,2,  pos,3,  cmd, goto,3
129.0, elevID,2,  pos,3,  cmd, goto,3
130.0, elevID,2,  pos,3,  cmd, goto,3
131.0,Elevator call,130.02495678190564,8,10,1,0, got allocated to elevator, 0
131.0,Elevator call,130.224911275492,-1,1,1,0, got allocated to elevator, 0
131.0, elevID,2,  pos,3,  cmd, goto,3
132.0, elevID,2,  pos,3,  cmd, goto,3
133.0, elevID,2,  pos,3,  cmd, goto,3
134.0, elevID,2,  pos,3,  cmd, goto,3
135.0, elevID,2,  pos,3,  cmd, goto,3
136.0, elevID,2,  pos,3,  cmd, goto,3
137.0, elevID,2,  pos,3,  cmd, goto,3
138.0,Elevator call,137.9515274326701,0,4,1,0, got allocated to elevator, 0
138.0, elevID,2,  pos,3,  cmd, goto,3
139.0, elevID,2,  pos,3,  cmd, goto,3
140.0, elevID,2,  pos,3,  cmd, goto,3
141.0, elevID,2,  pos,3,  cmd, goto,3
142.0, elevID,2,  pos,3,  cmd, goto,3
143.0, elevID,2,  pos,3,  cmd, goto,3
144.0,Elevator call,143.91335838799415,0,6,1,0, got allocated to elevator, 0
144.0, elevID,2,  pos,3,  cmd, goto,3
145.0, elevID,2,  pos,3,  cmd, goto,3
146.0, elevID,2,  pos,3,  cmd, goto,3
147.0, elevID,2,  pos,3,  cmd, goto,3
148.0, elevID,2,  pos,3,  cmd, goto,3
149.0, elevID,2,  pos,3,  cmd, goto,3
150.0, elevID,2,  pos,3,  cmd, goto,3
151.0, elevID,2,  pos,3,  cmd, goto,3
152.0, elevID,2,  pos,3,  cmd, goto,3
153.0, elevID,2,  pos,3,  cmd, goto,3
154.0, elevID,2,  pos,3,  cmd, goto,3
155.0, elevID,2,  pos,3,  cmd, goto,3
156.0, elevID,2,  pos,3,  cmd, goto,3
157.0, elevID,2,  pos,3,  cmd, goto,3
158.0, elevID,2,  pos,3,  cmd, goto,3
159.0, elevID,2,  pos,3,  cmd, goto,3
160.0, elevID,2,  pos,3,  cmd, goto,3
161.0, elevID,2,  pos,3,  cmd, goto,3
162.0, elevID,2,  pos,3,  cmd, goto,3
163.0, elevID,2,  pos,3,  cmd, goto,3
164.0, elevID,2,  pos,3,  cmd, goto,3
165.0, elevID,2,  pos,3,  cmd, goto,3
166.0, elevID,2,  pos,3,  cmd, goto,3
167.0, elevID,2,  pos,3,  cmd, goto,3
168.0, elevID,2,  pos,3,  cmd, goto,3
169.0, elevID,2,  pos,3,  cmd, goto,3
170.0,Elevator call,169.78458339380109,-1,0,1,0, got allocated to elevator, 0
170.0, elevID,2,  pos,3,  cmd, goto,3
171.0,Elevator call,170.0099620835246,0,6,1,0, got allocated to elevator, 0
171.0, elevID,2,  pos,3,  cmd, goto,3
172.0,Elevator call,171.21173315221364,-1,8,1,0, got allocated to elevator, 0
172.0, elevID,2,  pos,3,  cmd, goto,3
173.0, elevID,2,  pos,3,  cmd, goto,3
174.0, elevID,2,  pos,3,  cmd, goto,3
175.0,Elevator call,174.84385152106802,0,-1,1,0, got allocated to elevator, 0
175.0, elevID,2,  pos,3,  cmd, goto,3
176.0, elevID,2,  pos,3,  cmd, goto,3
177.0, elevID,2,  pos,3,  cmd, goto,3
178.0, elevID,2,  pos,3,  cmd, goto,3
179.0, elevID,2,  pos,3,  cmd, goto,3
180.0, elevID,2,  pos,3,  cmd, goto,3
181.0, elevID,2,  pos,3,  cmd, goto,3
182.0, elevID,2,  pos,3,  cmd, goto,3
183.0, elevID,2,  pos,3,  cmd, goto,3
184.0, elevID,2,  pos,3,  cmd, goto,3
185.0, elevID,2,  pos,3,  cmd, goto,3
186.0, elevID,2,  pos,3,  cmd, goto,3
187.0, elevID,2,  pos,3,  cmd, goto,3
188.0,Elevator call,187.11678617348463,-1,-2,1,0, got allocated to elevator, 0
188.0,Elevator call,187.7299317966884,-1,-2,1,0, got allocated to elevator, 0
188.0, elevID,2,  pos,3,  cmd, goto,3
189.0, elevID,2,  pos,3,  cmd, goto,3
190.0, elevID,2,  pos,3,  cmd, goto,3
191.0, elevID,2,  pos,3,  cmd, goto,3
192.0, elevID,2,  pos,3,  cmd, goto,3
193.0, elevID,2,  pos,3,  cmd, goto,3
194.0, elevID,2,  pos,3,  cmd, goto,3
195.0, elevID,2,  pos,3,  cmd, goto,3
196.0,Elevator call,195.90869649656992,0,7,1,0, got allocated to elevator, 0
196.0, elevID,2,  pos,3,  cmd, goto,3
197.0, elevID,2,  pos,3,  cmd, goto,3
198.0,Elevator call,197.5359191292572,-1,1,1,0, got allocated to elevator, 0
198.0, elevID,2,  pos,3,  cmd, goto,3
199.0, elevID,2,  pos,3,  cmd, goto,3
200.0, elevID,2,  pos,3,  cmd, goto,3
201.0, elevID,2,  pos,3,  cmd, goto,3
202.0, elevID,2,  pos,3,  cmd, goto,3
203.0, elevID,2,  pos,3,  cmd, goto,3
204.0, elevID,2,  pos,3,  cmd, goto,3
205.0, elevID,2,  pos,3,  cmd, goto,3
206.0,Elevator call,205.9895199338651,-1,0,1,0, got allocated to elevator, 0
206.0, elevID,2,  pos,3,  cmd, goto,3
207.0, elevID,2,  pos,3,  cmd, goto,3
208.0, elevID,2,  pos,3,  cmd, goto,3
209.0, elevID,2,  pos,3,  cmd, goto,3
210.0, elevID,2,  pos,3,  cmd, goto,3
211.0, elevID,2,  pos,3,  cmd, goto,3
212.0, elevID,2,  pos,3,  cmd, goto,3
213.0, elevID,2,  pos,3,  cmd, goto,3
214.0, elevID,2,  pos,3,  cmd, goto,3
215.0, elevID,2,  pos,3,  cmd, goto,3
216.0, elevID,2,  pos,3,  cmd, goto,3
217.0, elevID,2,  pos,3,  cmd, goto,3
218.0, elevID,2,  pos,3,  cmd, goto,3
219.0, elevID,2,  pos,3,  cmd, goto,3
220.0, elevID,2,  pos,3,  cmd, goto,3
221.0, elevID,2,  pos,3,  cmd, goto,3
222.0, elevID,2,  pos,3,  cmd, goto,3
223.0, elevID,2,  pos,3,  cmd, goto,3
224.0, elevID,2,  pos,3,  cmd, goto,3
225.0, elevID,2,  pos,3,  cmd, goto,3
226.0, elevID,2,  pos,3,  cmd, goto,3
227.0, elevID,2,  pos,3,  cmd, goto,3
228.0,Elevator call,227.0798304557929,-1,5,1,0, got allocated to elevator, 0
228.0, elevID,2,  pos,3,  cmd, goto,3
229.0, elevID,2,  pos,3,  cmd, goto,3
230.0, elevID,2,  pos,3,  cmd, goto,3
231.0, elevID,2,  pos,3,  cmd, goto,3
232.0,Elevator call,231.51578817426258,-1,0,1,0, got allocated to elevator, 0
232.0, elevID,2,  pos,3,  cmd, goto,3
233.0,Elevator call,232.95043623946805,0,-1,1,0, got allocated to elevator, 0
233.0, elevID,2,  pos,3,  cmd, goto,3
234.0, elevID,2,  pos,3,  cmd, goto,3
235.0, elevID,2,  pos,3,  cmd, goto,3
236.0, elevID,2,  pos,3,  cmd, goto,3
237.0, elevID,2,  pos,3,  cmd, goto,3
238.0, elevID,2,  pos,3,  cmd, goto,3
239.0, elevID,2,  pos,3,  cmd, goto,3
240.0, elevID,2,  pos,3,  cmd, goto,3
241.0, elevID,2,  pos,3,  cmd, goto,3
242.0, elevID,2,  pos,3,  cmd, goto,3
243.0, elevID,2,  pos,3,  cmd, goto,3
244.0, elevID,2,  pos,3,  cmd, goto,3
245.0, elevID,2,  pos,3,  cmd, goto,3
246.0, elevID,2,  pos,3,  cmd, goto,3
247.0, elevID,2,  pos,3,  cmd, goto,3
248.0, elevID,2,  pos,3,  cmd, goto,3
249.0, elevID,2,  pos,3,  cmd, goto,3
250.0, elevID,2,  pos,3,  cmd, goto,3
251.0, elevID,2,  pos,3,  cmd, goto,3
252.0,Elevator call,251.10444690749756,-1,-2,1,0, got allocated to elevator, 0
252.0,Elevator call,251.23593354161653,0,9,1,0, got allocated to elevator, 0
252.0, elevID,2,  pos,3,  cmd, goto,3
253.0, elevID,2,  pos,3,  cmd, goto,3
254.0, elevID,2,  pos,3,  cmd, goto,3
255.0,Elevator call,254.69771525200505,3,4,1,0, got allocated to elevator, 0
255.0,Elev,2,  arrived at src, 3, Elevator call,254.69771525200505,3,4,2,0
255.0, elevID,2,  pos,3,  cmd, goto,3
256.0, elevID,2,  pos,3,  cmd, goto,3
257.0, elevID,2,  pos,3,  cmd, goto,3
258.0,Elevator call,257.7974435335086,-1,0,1,0, got allocated to elevator, 0
258.0, elevID,2,  pos,3,  cmd, goto,3
259.0, elevID,2,  pos,3,  cmd, goto,3
260.0, elevID,2,  pos,3,  cmd, goto,3
261.0, elevID,2,  pos,3,  cmd, goto,3
262.0, elevID,2,  pos,3,  cmd, goto,3
263.0, elevID,2,  pos,3,  cmd, goto,3
264.0, elevID,2,  pos,3,  cmd, goto,3
265.0, elevID,2,  pos,3,  cmd, goto,3
266.0, elevID,2,  pos,3,  cmd, goto,3
267.0, elevID,2,  pos,3,  cmd, goto,3
268.0, elevID,2,  pos,3,  cmd, goto,3
269.0, elevID,2,  pos,3,  cmd, goto,3
270.0, elevID,2,  pos,3,  cmd, goto,3
271.0, elevID,2,  pos,3,  cmd, goto,3
272.0, elevID,2,  pos,3,  cmd, goto,3
273.0, elevID,2,  pos,3,  cmd, goto,3
274.0, elevID,2,  pos,3,  cmd, goto,3
275.0, elevID,2,  pos,3,  cmd, goto,3
276.0, elevID,2,  pos,3,  cmd, goto,3
277.0, elevID,2,  pos,3,  cmd, goto,3
278.0, elevID,2,  pos,3,  cmd, goto,3
279.0, elevID,2,  pos,3,  cmd, goto,3
280.0, elevID,2,  pos,3,  cmd, goto,3
281.0, elevID,2,  pos,3,  cmd, goto,3
282.0, elevID,2,  pos,3,  cmd, goto,3
283.0, elevID,2,  pos,3,  cmd, goto,3
284.0, elevID,2,  pos,3,  cmd, goto,3
285.0, elevID,2,  pos,3,  cmd, goto,3
286.0, elevID,2,  pos,3,  cmd, goto,3
287.0, elevID,2,  pos,3,  cmd, goto,3
288.0, elevID,2,  pos,3,  cmd, goto,3
289.0, elevID,2,  pos,3,  cmd, goto,3
290.0, elevID,2,  pos,3,  cmd, goto,3
291.0, elevID,2,  pos,3,  cmd, goto,3
292.0, elevID,2,  pos,3,  cmd, goto,3
293.0, elevID,2,  pos,3,  cmd, goto,3
294.0, elevID,2,  pos,3,  cmd, goto,3
295.0, elevID,2,  pos,3,  cmd, goto,3
296.0,Elevator call,295.7943356681491,0,1,1,0, got allocated to elevator, 0
296.0, elevID,2,  pos,3,  cmd, goto,3
297.0, elevID,2,  pos,3,  cmd, goto,3
298.0, elevID,2,  pos,3,  cmd, goto,3
299.0, elevID,2,  pos,3,  cmd, goto,3
300.0, elevID,2,  pos,3,  cmd, goto,3
301.0, elevID,2,  pos,3,  cmd, goto,3
302.0, elevID,2,  pos,3,  cmd, goto,3
303.0, elevID,2,  pos,3,  cmd, goto,3
304.0, elevID,2,  pos,3,  cmd, goto,3
305.0,Elevator call,304.99843880775313,6,0,1,0, got allocated to elevator, 0
305.0, elevID,2,  pos,3,  cmd, goto,6
310.0,Elevator call,309.30053828560517,0,-1,1,0, got allocated to elevator, 0
313.0,Elevator call,312.30185564398687,0,-1,1,0, got allocated to elevator, 0
317.0,Elevator call,316.03237827404377,0,-1,1,0, got allocated to elevator, 0
318.0,Elev,2,  arrived at src, 6, Elevator call,304.99843880775313,6,0,2,0
318.0, elevID,2,  pos,6,  cmd, goto,6
319.0, elevID,2,  pos,6,  cmd, goto,6
320.0,Elevator call,319.90520204415634,6,5,1,0, got allocated to elevator, 0
320.0,Elev,2,  arrived at src, 6, Elevator call,319.90520204415634,6,5,2,0
320.0, elevID,2,  pos,6,  cmd, goto,6
321.0,Elevator call,320.97607492210807,-1,0,1,0, got allocated to elevator, 0
321.0, elevID,2,  pos,6,  cmd, goto,6
322.0,Elevator call,321.37040904796595,7,-1,1,0, got allocated to elevator, 0
322.0, elevID,2,  pos,6,  cmd, goto,7
333.0,Elevator call,332.4267319393355,0,10,1,0, got allocated to elevator, 0
333.0,Elev,2,  arrived at src, 7, Elevator call,321.37040904796595,7,-1,2,0
333.0, elevID,2,  pos,7,  cmd, goto,7
334.0, elevID,2,  pos,7,  cmd, goto,7
335.0, elevID,2,  pos,7,  cmd, goto,7
336.0, elevID,2,  pos,7,  cmd, goto,7
337.0,Elevator call,336.93043046159545,-1,0,1,0, got allocated to elevator, 0
337.0, elevID,2,  pos,7,  cmd, goto,7
338.0, elevID,2,  pos,7,  cmd, goto,7
339.0, elevID,2,  pos,7,  cmd, goto,7
340.0, elevID,2,  pos,7,  cmd, goto,7
341.0, elevID,2,  pos,7,  cmd, goto,7
342.0, elevID,2,  pos,7,  cmd, goto,7
343.0, elevID,2,  pos,7,  cmd, goto,7
344.0, elevID,2,  pos,7,  cmd, goto,7
345.0, elevID,2,  pos,7,  cmd, goto,7
346.0, elevID,2,  pos,7,  cmd, goto,7
347.0, elevID,2,  pos,7,  cmd, goto,7
348.0, elevID,2,  pos,7,  cmd, goto,7
349.0, elevID,2,  pos,7,  cmd, goto,7
350.0, elevID,2,  pos,7,  cmd, goto,7
351.0, elevID,2,  pos,7,  cmd, goto,7
352.0, elevID,2,  pos,7,  cmd, goto,7
353.0, elevID,2,  pos,7,  cmd, goto,7
354.0, elevID,2,  pos,7,  cmd, goto,7
355.0, elevID,2,  pos,7,  cmd, goto,7
356.0, elevID,2,  pos,7,  cmd, goto,7
357.0, elevID,2,  pos,7,  cmd, goto,7
358.0, elevID,2,  pos,7,  cmd, goto,7
359.0, elevID,2,  pos,7,  cmd, goto,7
360.0, elevID,2,  pos,7,  cmd, goto,7
361.0, elevID,2,  pos,7,  cmd, goto,7
362.0, elevID,2,  pos,7,  cmd, goto,7
363.0, elevID,2,  pos,7,  cmd, goto,7
364.0, elevID,2,  pos,7,  cmd, goto,7
365.0, elevID,2,  pos,7,  cmd, goto,7
366.0, elevID,2,  pos,7,  cmd, goto,7
367.0, elevID,2,  pos,7,  cmd, goto,7
368.0, elevID,2,  pos,7,  cmd, goto,7
369.0, elevID,2,  pos,7,  cmd, goto,7
370.0, elevID,2,  pos,7,  cmd, goto,7
371.0, elevID,2,  pos,7,  cmd, goto,7
372.0, elevID,2,  pos,7,  cmd, goto,7
373.0, elevID,2,  pos,7,  cmd, goto,7
374.0, elevID,2,  pos,7,  cmd, goto,7
375.0, elevID,2,  pos,7,  cmd, goto,7
376.0,Elevator call,375.4904809538